c:\users\markovitch\documents\scars\scars\debug\vc140.pdb
c:\users\markovitch\documents\scars\scars\debug\vc140.idb
c:\users\markovitch\documents\scars\scars\debug\freetypefont.obj
c:\users\markovitch\documents\scars\scars\debug\gui.obj
c:\users\markovitch\documents\scars\scars\debug\model.obj
c:\users\markovitch\documents\scars\scars\debug\camera.obj
c:\users\markovitch\documents\scars\scars\debug\car.obj
c:\users\markovitch\documents\scars\scars\debug\gameobject.obj
c:\users\markovitch\documents\scars\scars\debug\house.obj
c:\users\markovitch\documents\scars\scars\debug\inputcontroller.obj
c:\users\markovitch\documents\scars\scars\debug\main.obj
c:\users\markovitch\documents\scars\scars\debug\fpscontroller.obj
c:\users\markovitch\documents\scars\scars\debug\player.obj
c:\users\markovitch\documents\scars\scars\debug\skybox.obj
c:\users\markovitch\documents\scars\scars\debug\skycamera.obj
c:\users\markovitch\documents\scars\scars\debug\spotlight.obj
c:\users\markovitch\documents\scars\scars\debug\sun.obj
c:\users\markovitch\documents\scars\scars\debug\vertexbufferobject.obj
c:\users\markovitch\documents\scars\scars\debug\objecttests.obj
c:\users\markovitch\documents\scars\scars\debug\shader.obj
c:\users\markovitch\documents\scars\scars\debug\texture.obj
c:\users\markovitch\documents\scars\scars\debug\wolf.obj
c:\users\markovitch\documents\scars\scars\debug\openglproject.ilk
c:\users\markovitch\documents\scars\scars\debug\openglproject.exe
c:\users\markovitch\documents\scars\scars\debug\openglproject.pdb
c:\users\markovitch\documents\scars\scars\debug\openglproject.tlog\cl.command.1.tlog
c:\users\markovitch\documents\scars\scars\debug\openglproject.tlog\cl.read.1.tlog
c:\users\markovitch\documents\scars\scars\debug\openglproject.tlog\cl.write.1.tlog
c:\users\markovitch\documents\scars\scars\debug\openglproject.tlog\link.command.1.tlog
c:\users\markovitch\documents\scars\scars\debug\openglproject.tlog\link.read.1.tlog
c:\users\markovitch\documents\scars\scars\debug\openglproject.tlog\link.write.1.tlog
